<?xml version="1.0" encoding="utf-8"?><testsuites name="pytest tests"><testsuite name="pytest" errors="0" failures="0" skipped="1" tests="13" time="5.272" timestamp="2026-08-19T10:57:14.269377+00:00" hostname="agent-env-13a639f4-9e83-4b9d-a052-03caef80b8f1"><testcase classname="backend.tests.test_drama_shorts.TestShortsSeriesListing" name="test_drama_list_returns_only_drama" time="1.317" /><testcase classname="backend.tests.test_drama_shorts.TestShortsSeriesListing" name="test_xxx_list_includes_legacy" time="0.224" /><testcase classname="backend.tests.test_drama_shorts.TestShortsSeriesCRUD" name="test_patch_updates_category" time="0.643" /><testcase classname="backend.tests.test_drama_shorts.TestShortsSeriesCRUD" name="test_delete_unassigns_shorts" time="0.297" /><testcase classname="backend.tests.test_drama_shorts.TestVideosFilter" name="test_drama_shorts_only" time="0.136" /><testcase classname="backend.tests.test_drama_shorts.TestVideosFilter" name="test_xxx_shorts_include_legacy" time="0.144" /><testcase classname="backend.tests.test_drama_shorts.TestVideosFilter" name="test_latest_excludes_drama" time="0.164" /><testcase classname="backend.tests.test_drama_shorts.TestVideosFilter" name="test_popular_excludes_drama" time="0.254" /><testcase classname="backend.tests.test_drama_shorts.TestVideosFilter" name="test_random_excludes_drama" time="0.622" /><testcase classname="backend.tests.test_drama_shorts.TestVideosFilter" name="test_count_respects_shorts_category" time="0.369" /><testcase classname="backend.tests.test_drama_shorts.TestPatchVideo" name="test_patch_shorts_category_valid" time="0.370" /><testcase classname="backend.tests.test_drama_shorts.TestPatchVideo" name="test_patch_shorts_category_invalid" time="0.136" /><testcase classname="backend.tests.test_drama_shorts.TestChunkedUploadShortsCategory" name="test_finish_persists_shorts_category" time="0.155"><skipped type="pytest.skip" message="upload/init not usable in this env: 400 {&quot;detail&quot;:&quot;total_size required&quot;}">/app/backend/tests/test_drama_shorts.py:315: upload/init not usable in this env: 400 {"detail":"total_size required"}</skipped></testcase></testsuite></testsuites>