<?xml version="1.0" encoding="utf-8"?><testsuites name="pytest tests"><testsuite name="pytest" errors="0" failures="0" skipped="0" tests="16" time="14.298" timestamp="2026-09-10T14:30:54.593028+00:00" hostname="agent-env-13a639f4-9e83-4b9d-a052-03caef80b8f1"><testcase classname="backend.tests.test_iteration23_anime_seasons" name="test_create_season_auto_slug_and_title" time="2.032" /><testcase classname="backend.tests.test_iteration23_anime_seasons" name="test_create_ova_movie_special_auto_slug" time="0.843" /><testcase classname="backend.tests.test_iteration23_anime_seasons" name="test_create_season_unknown_type_falls_back_to_season" time="0.268" /><testcase classname="backend.tests.test_iteration23_anime_seasons" name="test_create_season_duplicate_slug" time="0.305" /><testcase classname="backend.tests.test_iteration23_anime_seasons" name="test_create_season_series_not_found" time="0.407" /><testcase classname="backend.tests.test_iteration23_anime_seasons" name="test_list_public_active_only" time="0.532" /><testcase classname="backend.tests.test_iteration23_anime_seasons" name="test_list_admin_all_includes_inactive" time="0.694" /><testcase classname="backend.tests.test_iteration23_anime_seasons" name="test_list_admin_all_requires_auth" time="0.572" /><testcase classname="backend.tests.test_iteration23_anime_seasons" name="test_get_season_by_id_and_slug" time="1.054" /><testcase classname="backend.tests.test_iteration23_anime_seasons" name="test_get_season_by_pair_ok_and_mismatch" time="1.738" /><testcase classname="backend.tests.test_iteration23_anime_seasons" name="test_patch_season" time="0.343" /><testcase classname="backend.tests.test_iteration23_anime_seasons" name="test_patch_slug_collision" time="0.257" /><testcase classname="backend.tests.test_iteration23_anime_seasons" name="test_delete_season_blocked_when_has_episodes" time="0.813" /><testcase classname="backend.tests.test_iteration23_anime_seasons" name="test_patch_video_derives_series_from_season" time="1.037" /><testcase classname="backend.tests.test_iteration23_anime_seasons" name="test_get_series_includes_seasons_and_episodes" time="0.445" /><testcase classname="backend.tests.test_iteration23_anime_seasons" name="test_delete_series_cascade" time="1.789" /></testsuite></testsuites>