<?xml version="1.0" encoding="utf-8"?><testsuites name="pytest tests"><testsuite name="pytest" errors="0" failures="0" skipped="2" tests="9" time="1.074" timestamp="2026-07-23T20:11:21.930174+00:00" hostname="agent-env-13a639f4-9e83-4b9d-a052-03caef80b8f1"><testcase classname="backend.tests.test_iteration12_editvideo_defensive.TestVideoFetch" name="test_video_has_thumbnail_options" time="0.315" /><testcase classname="backend.tests.test_iteration12_editvideo_defensive.TestThumbnailPatch" name="test_patch_thumbnail_url_success" time="0.037" /><testcase classname="backend.tests.test_iteration12_editvideo_defensive.TestThumbnailPatch" name="test_patch_without_auth_returns_401" time="0.021" /><testcase classname="backend.tests.test_iteration12_editvideo_defensive.TestThumbnailPatch" name="test_patch_nonexistent_video_returns_404_with_detail" time="0.015" /><testcase classname="backend.tests.test_iteration12_editvideo_defensive.TestSubtitleDeleteErrors" name="test_delete_unknown_subtitle_returns_error_with_detail" time="0.010" /><testcase classname="backend.tests.test_iteration12_editvideo_defensive.TestSubtitleReorderErrors" name="test_reorder_with_unknown_subtitle_id_returns_400_with_detail" time="0.009" /><testcase classname="backend.tests.test_iteration12_editvideo_defensive.TestSubtitleReorderErrors" name="test_reorder_missing_id_field_returns_400_with_detail" time="0.009" /><testcase classname="backend.tests.test_iteration12_editvideo_defensive.TestPublicUrlSmoke" name="test_public_backend_reachable" time="0.001"><skipped type="pytest.skip" message="REACT_APP_BACKEND_URL not set">/app/backend/tests/test_iteration12_editvideo_defensive.py:193: REACT_APP_BACKEND_URL not set</skipped></testcase><testcase classname="backend.tests.test_iteration12_editvideo_defensive.TestPublicUrlSmoke" name="test_public_url_patch_video_returns_json_error" time="0.001"><skipped type="pytest.skip" message="REACT_APP_BACKEND_URL not set">/app/backend/tests/test_iteration12_editvideo_defensive.py:204: REACT_APP_BACKEND_URL not set</skipped></testcase></testsuite></testsuites>