<?xml version="1.0" encoding="utf-8"?><testsuites name="pytest tests"><testsuite name="pytest" errors="0" failures="0" skipped="0" tests="11" time="1.023" timestamp="2026-07-22T12:02:29.657034+00:00" hostname="agent-env-13a639f4-9e83-4b9d-a052-03caef80b8f1"><testcase classname="backend.tests.test_iteration10_seo_crawler.TestStaticIndexHtml" name="test_index_html_lang_is_ro" time="0.001" /><testcase classname="backend.tests.test_iteration10_seo_crawler.TestStaticIndexHtml" name="test_index_html_title_is_loading" time="0.001" /><testcase classname="backend.tests.test_iteration10_seo_crawler.TestStaticIndexHtml" name="test_index_html_description_not_emergent" time="0.001" /><testcase classname="backend.tests.test_iteration10_seo_crawler.TestOgCategoryEndpoint" name="test_og_category_valid_slug" time="0.033" /><testcase classname="backend.tests.test_iteration10_seo_crawler.TestOgCategoryEndpoint" name="test_og_category_invalid_slug_falls_back_to_home" time="0.016" /><testcase classname="backend.tests.test_iteration10_seo_crawler.TestCrawlerMiddleware" name="test_googlebot_on_category_returns_ssr" time="0.076" /><testcase classname="backend.tests.test_iteration10_seo_crawler.TestCrawlerMiddleware" name="test_googlebot_on_legacy_videos_category_returns_ssr" time="0.010" /><testcase classname="backend.tests.test_iteration10_seo_crawler.TestCrawlerMiddleware" name="test_regular_browser_on_category_does_not_trigger_ssr" time="0.008" /><testcase classname="backend.tests.test_iteration10_seo_crawler.TestCrawlerMiddleware" name="test_googlebot_on_watch_still_works" time="0.014" /><testcase classname="backend.tests.test_iteration10_seo_crawler.TestCrawlerMiddleware" name="test_googlebot_on_popular_returns_home_ssr" time="0.010" /><testcase classname="backend.tests.test_iteration10_seo_crawler.TestCrawlerMiddleware" name="test_googlebot_on_all_episodes_returns_home_ssr" time="0.011" /></testsuite></testsuites>