<?xml version="1.0" encoding="utf-8"?><testsuites name="pytest tests"><testsuite name="pytest" errors="0" failures="0" skipped="0" tests="6" time="19.491" timestamp="2026-07-22T12:20:14.546937+00:00" hostname="agent-env-13a639f4-9e83-4b9d-a052-03caef80b8f1"><testcase classname="backend.tests.test_iteration11_llm_key.TestSettingsField" name="test_admin_settings_returns_emergent_llm_key_field" time="0.394" /><testcase classname="backend.tests.test_iteration11_llm_key.TestSettingsField" name="test_patch_saves_emergent_llm_key" time="0.031" /><testcase classname="backend.tests.test_iteration11_llm_key.TestSettingsField" name="test_public_site_config_does_not_expose_key" time="0.007" /><testcase classname="backend.tests.test_iteration11_llm_key.TestSynopsisGeneration" name="test_generate_synopsis_with_db_key" time="13.054" /><testcase classname="backend.tests.test_iteration11_llm_key.TestSynopsisGeneration" name="test_generate_synopsis_without_key_returns_friendly_error" time="0.041" /><testcase classname="backend.tests.test_iteration11_llm_key.TestSynopsisGeneration" name="test_bulk_synopsis_uses_db_key" time="5.546" /></testsuite></testsuites>