<?xml version="1.0" encoding="utf-8"?><testsuites name="pytest tests"><testsuite name="pytest" errors="0" failures="0" skipped="0" tests="7" time="4.049" timestamp="2026-06-14T16:51:50.313529+00:00" hostname="agent-env-13a639f4-9e83-4b9d-a052-03caef80b8f1"><testcase classname="backend.tests.test_iteration8" name="test_languages_endpoint" time="0.231" /><testcase classname="backend.tests.test_iteration8" name="test_site_config_has_new_fields" time="0.162" /><testcase classname="backend.tests.test_iteration8" name="test_patch_admin_settings_hero_and_bulk" time="1.208" /><testcase classname="backend.tests.test_iteration8" name="test_chunked_upload_full_flow" time="1.456" /><testcase classname="backend.tests.test_iteration8" name="test_chunked_upload_abort_delete" time="0.356" /><testcase classname="backend.tests.test_iteration8" name="test_subtitle_autodetect_language" time="0.357" /><testcase classname="backend.tests.test_iteration8" name="test_max_100_subtitles_error_message" time="0.003" /></testsuite></testsuites>