<?xml version="1.0" encoding="utf-8"?><testsuites name="pytest tests"><testsuite name="pytest" errors="0" failures="1" skipped="0" tests="26" time="7.271" timestamp="2026-06-01T18:23:51.909504+00:00" hostname="agent-env-13a639f4-9e83-4b9d-a052-03caef80b8f1"><testcase classname="backend.tests.test_iteration3.TestGrantRevokePro" name="test_grant_pro_durations[1day-1]" time="1.448" /><testcase classname="backend.tests.test_iteration3.TestGrantRevokePro" name="test_grant_pro_durations[1week-7]" time="0.310" /><testcase classname="backend.tests.test_iteration3.TestGrantRevokePro" name="test_grant_pro_durations[1month-30]" time="0.294" /><testcase classname="backend.tests.test_iteration3.TestGrantRevokePro" name="test_grant_pro_permanent" time="0.300" /><testcase classname="backend.tests.test_iteration3.TestGrantRevokePro" name="test_grant_pro_custom" time="0.141" /><testcase classname="backend.tests.test_iteration3.TestGrantRevokePro" name="test_grant_pro_invalid_duration" time="0.140" /><testcase classname="backend.tests.test_iteration3.TestGrantRevokePro" name="test_grant_pro_requires_admin" time="0.167" /><testcase classname="backend.tests.test_iteration3.TestGrantRevokePro" name="test_revoke_pro" time="0.456" /><testcase classname="backend.tests.test_iteration3.TestGrantRevokePro" name="test_revoke_pro_requires_admin" time="0.177" /><testcase classname="backend.tests.test_iteration3.TestPlayerConfig" name="test_default_player_config" time="0.320" /><testcase classname="backend.tests.test_iteration3.TestPlayerConfig" name="test_toggle_allow_download" time="0.593" /><testcase classname="backend.tests.test_iteration3.TestPlayerConfig" name="test_player_config_public" time="0.145" /><testcase classname="backend.tests.test_iteration3.TestSubtitles" name="test_vtt_upload_no_samefile" time="0.333" /><testcase classname="backend.tests.test_iteration3.TestSubtitles" name="test_vtt_rel_orig_is_none" time="0.001"><failure message="AssertionError: BUG: .vtt upload should have rel_orig=None but got 'subtitles/98ebab0f-b290-4e9c-8857-402faef8fcb0_84352f8b-4875-4fc7-98da-b068aea22c66.vtt'&#10;assert 'subtitles/98ebab0f-b290-4e9c-8857-402faef8fcb0_84352f8b-4875-4fc7-98da-b068aea22c66.vtt' in (None, '')&#10; +  where 'subtitles/98ebab0f-b290-4e9c-8857-402faef8fcb0_84352f8b-4875-4fc7-98da-b068aea22c66.vtt' = TestSubtitles._vtt_original_url">backend/tests/test_iteration3.py:208: in test_vtt_rel_orig_is_none
    assert TestSubtitles._vtt_original_url in (None, ""), \
E   AssertionError: BUG: .vtt upload should have rel_orig=None but got 'subtitles/98ebab0f-b290-4e9c-8857-402faef8fcb0_84352f8b-4875-4fc7-98da-b068aea22c66.vtt'
E   assert 'subtitles/98ebab0f-b290-4e9c-8857-402faef8fcb0_84352f8b-4875-4fc7-98da-b068aea22c66.vtt' in (None, '')
E    +  where 'subtitles/98ebab0f-b290-4e9c-8857-402faef8fcb0_84352f8b-4875-4fc7-98da-b068aea22c66.vtt' = TestSubtitles._vtt_original_url</failure></testcase><testcase classname="backend.tests.test_iteration3.TestSubtitles" name="test_srt_upload_converts" time="0.455" /><testcase classname="backend.tests.test_iteration3.TestSubtitles" name="test_cleanup_subs" time="0.355" /><testcase classname="backend.tests.test_iteration3.TestMigrationOutput" name="test_files_exist" time="0.002" /><testcase classname="backend.tests.test_iteration3.TestMigrationOutput" name="test_counts" time="0.005" /><testcase classname="backend.tests.test_iteration3.TestMigrationOutput" name="test_users_schema" time="0.043" /><testcase classname="backend.tests.test_iteration3.TestMigrationOutput" name="test_videos_schema" time="0.061" /><testcase classname="backend.tests.test_iteration3.TestMigrationOutput" name="test_categories_count" time="0.002" /><testcase classname="backend.tests.test_iteration3.TestSmoke" name="test_admin_login" time="0.001" /><testcase classname="backend.tests.test_iteration3.TestSmoke" name="test_owner_login" time="0.475" /><testcase classname="backend.tests.test_iteration3.TestSmoke" name="test_admin_stats" time="0.247" /><testcase classname="backend.tests.test_iteration3.TestSmoke" name="test_categories" time="0.166" /><testcase classname="backend.tests.test_iteration3.TestSmoke" name="test_videos_latest" time="0.316" /></testsuite></testsuites>