<?xml version="1.0" encoding="utf-8"?><testsuites name="pytest tests"><testsuite name="pytest" errors="0" failures="0" skipped="0" tests="7" time="7.049" timestamp="2026-09-03T14:39:35.820684+00:00" hostname="agent-env-13a639f4-9e83-4b9d-a052-03caef80b8f1"><testcase classname="backend.tests.test_iteration21_vip_stat_and_shorts.TestAdminStatsVip" name="test_stats_has_total_vip_users_field" time="1.783" /><testcase classname="backend.tests.test_iteration21_vip_stat_and_shorts.TestAdminStatsVip" name="test_stats_matches_db_count" time="0.348" /><testcase classname="backend.tests.test_iteration21_vip_stat_and_shorts.TestAdminStatsVip" name="test_grant_revoke_updates_stat" time="2.700" /><testcase classname="backend.tests.test_iteration21_vip_stat_and_shorts.TestVideosKindFilter" name="test_kind_video_latest_no_shorts" time="0.194" /><testcase classname="backend.tests.test_iteration21_vip_stat_and_shorts.TestVideosKindFilter" name="test_kind_video_popular_no_shorts" time="0.282" /><testcase classname="backend.tests.test_iteration21_vip_stat_and_shorts.TestVideosKindFilter" name="test_kind_video_random_no_shorts" time="0.217" /><testcase classname="backend.tests.test_iteration21_vip_stat_and_shorts.TestVideosKindFilter" name="test_kind_short_returns_only_shorts" time="0.331" /></testsuite></testsuites>