<?xml version="1.0" encoding="utf-8"?><testsuites name="pytest tests"><testsuite name="pytest" errors="0" failures="0" skipped="0" tests="12" time="7.863" timestamp="2026-06-07T14:52:34.925650+00:00" hostname="agent-env-13a639f4-9e83-4b9d-a052-03caef80b8f1"><testcase classname="backend.tests.test_iteration6" name="test_login_returns_new_user_fields" time="0.536" /><testcase classname="backend.tests.test_iteration6" name="test_user_get_email_visibility" time="1.460" /><testcase classname="backend.tests.test_iteration6" name="test_shop_frames_listing" time="0.195" /><testcase classname="backend.tests.test_iteration6" name="test_admin_frames_seed_idempotent" time="0.166" /><testcase classname="backend.tests.test_iteration6" name="test_admin_frame_crud" time="0.837" /><testcase classname="backend.tests.test_iteration6" name="test_settings_coin_keys_round_trip" time="0.307" /><testcase classname="backend.tests.test_iteration6" name="test_video_lookup_by_slug_and_uuid" time="0.313" /><testcase classname="backend.tests.test_iteration6" name="test_og_endpoint_returns_html_with_title" time="0.317" /><testcase classname="backend.tests.test_iteration6" name="test_ssr_crawler_middleware_localhost" time="0.056" /><testcase classname="backend.tests.test_iteration6" name="test_like_first_time_awards_then_zero" time="0.809" /><testcase classname="backend.tests.test_iteration6" name="test_comment_awards_until_cap_and_embeds_frame" time="1.002" /><testcase classname="backend.tests.test_iteration6" name="test_purchase_and_selected_frame" time="1.517" /></testsuite></testsuites>