<?xml version="1.0" encoding="utf-8"?><testsuites name="pytest tests"><testsuite name="pytest" errors="0" failures="0" skipped="0" tests="11" time="6.735" timestamp="2026-09-03T15:18:38.241367+00:00" hostname="agent-env-13a639f4-9e83-4b9d-a052-03caef80b8f1"><testcase classname="backend.tests.test_iteration22_anime.TestAnimeSeriesCRUD" name="test_list_active_only" time="0.910" /><testcase classname="backend.tests.test_iteration22_anime.TestAnimeSeriesCRUD" name="test_admin_list_all" time="0.316" /><testcase classname="backend.tests.test_iteration22_anime.TestAnimeSeriesCRUD" name="test_get_by_slug_and_id_ordered" time="1.107" /><testcase classname="backend.tests.test_iteration22_anime.TestAnimeSeriesCRUD" name="test_create_auto_slug_and_unique" time="1.898" /><testcase classname="backend.tests.test_iteration22_anime.TestAnimeSeriesCRUD" name="test_delete_unassigns_videos" time="0.270" /><testcase classname="backend.tests.test_iteration22_anime.TestVideosAnimeFilter" name="test_kind_video_is_anime_true" time="0.256" /><testcase classname="backend.tests.test_iteration22_anime.TestVideosAnimeFilter" name="test_default_latest_excludes_anime" time="0.212" /><testcase classname="backend.tests.test_iteration22_anime.TestVideosAnimeFilter" name="test_default_popular_excludes_anime" time="0.214" /><testcase classname="backend.tests.test_iteration22_anime.TestVideosAnimeFilter" name="test_default_random_excludes_anime" time="0.327" /><testcase classname="backend.tests.test_iteration22_anime.TestVideosAnimeFilter" name="test_is_anime_false_regression" time="0.229" /><testcase classname="backend.tests.test_iteration22_anime.TestVideoPatchAnime" name="test_patch_anime_fields" time="0.495" /></testsuite></testsuites>