<?xml version="1.0" encoding="utf-8"?><testsuites name="pytest tests"><testsuite name="pytest" errors="0" failures="0" skipped="0" tests="20" time="13.126" timestamp="2026-07-26T13:57:15.191669+00:00" hostname="agent-env-13a639f4-9e83-4b9d-a052-03caef80b8f1"><testcase classname="backend.tests.test_iteration18_vip.TestPackages" name="test_create_vip_package" time="0.705" /><testcase classname="backend.tests.test_iteration18_vip.TestPackages" name="test_create_pro_package" time="0.141" /><testcase classname="backend.tests.test_iteration18_vip.TestPackages" name="test_list_packages_tier_vip" time="0.166" /><testcase classname="backend.tests.test_iteration18_vip.TestPackages" name="test_list_packages_tier_pro_includes_legacy" time="0.150" /><testcase classname="backend.tests.test_iteration18_vip.TestPackages" name="test_list_packages_all_no_filter" time="0.162" /><testcase classname="backend.tests.test_iteration18_vip.TestPackages" name="test_patch_vip_package" time="0.369" /><testcase classname="backend.tests.test_iteration18_vip.TestPackages" name="test_reject_invalid_tier_on_create" time="0.171" /><testcase classname="backend.tests.test_iteration18_vip.TestPackages" name="test_cleanup_packages" time="0.702" /><testcase classname="backend.tests.test_iteration18_vip.TestVipGrantRevoke" name="test_auth_me_reports_vip_fields" time="1.452" /><testcase classname="backend.tests.test_iteration18_vip.TestVipGrantRevoke" name="test_auth_me_free_user_no_vip" time="0.808" /><testcase classname="backend.tests.test_iteration18_vip.TestVipGrantRevoke" name="test_revoke_vip" time="2.064" /><testcase classname="backend.tests.test_iteration18_vip.TestVipGrantRevoke" name="test_vip_auto_expires_on_login" time="1.820" /><testcase classname="backend.tests.test_iteration18_vip.TestVideoAccessTiers" name="test_free_video_open_to_all" time="1.827" /><testcase classname="backend.tests.test_iteration18_vip.TestVideoAccessTiers" name="test_pro_video_locked_for_anon_and_free" time="0.266" /><testcase classname="backend.tests.test_iteration18_vip.TestVideoAccessTiers" name="test_pro_video_open_for_pro_and_vip" time="0.282" /><testcase classname="backend.tests.test_iteration18_vip.TestVideoAccessTiers" name="test_vip_video_locked_for_free_and_pro" time="0.478" /><testcase classname="backend.tests.test_iteration18_vip.TestVideoAccessTiers" name="test_vip_video_open_for_vip" time="0.190" /><testcase classname="backend.tests.test_iteration18_vip.TestPatchVideoTier" name="test_patch_to_vip_ok" time="0.287" /><testcase classname="backend.tests.test_iteration18_vip.TestPatchVideoTier" name="test_patch_invalid_tier_400" time="0.149" /><testcase classname="backend.tests.test_iteration18_vip.TestCheckoutVipPackage" name="test_checkout_accepts_vip_package" time="0.497" /></testsuite></testsuites>