<?xml version="1.0" encoding="utf-8"?><testsuites name="pytest tests"><testsuite name="pytest" errors="0" failures="0" skipped="0" tests="13" time="9.871" timestamp="2026-06-28T19:04:51.886871+00:00" hostname="agent-env-13a639f4-9e83-4b9d-a052-03caef80b8f1"><testcase classname="backend.tests.test_iteration9_seo.TestSeoAuthGuards" name="test_save_creds_requires_auth" time="1.519" /><testcase classname="backend.tests.test_iteration9_seo.TestSeoAuthGuards" name="test_dashboard_requires_auth" time="0.208" /><testcase classname="backend.tests.test_iteration9_seo.TestSeoAuthGuards" name="test_delete_creds_requires_auth" time="0.269" /><testcase classname="backend.tests.test_iteration9_seo.TestSeoAuthGuards" name="test_save_creds_non_admin_forbidden" time="2.318" /><testcase classname="backend.tests.test_iteration9_seo.TestSeoAuthGuards" name="test_dashboard_non_admin_forbidden" time="0.355" /><testcase classname="backend.tests.test_iteration9_seo.TestSeoCredsValidation" name="test_empty_payload_returns_400" time="0.334" /><testcase classname="backend.tests.test_iteration9_seo.TestSeoCredsValidation" name="test_missing_sa_json_returns_400" time="0.372" /><testcase classname="backend.tests.test_iteration9_seo.TestSeoCredsValidation" name="test_malformed_json_returns_400" time="0.299" /><testcase classname="backend.tests.test_iteration9_seo.TestSeoCredsValidation" name="test_wrong_type_returns_400" time="0.295" /><testcase classname="backend.tests.test_iteration9_seo.TestSeoDashboardNoCreds" name="test_dashboard_no_creds_returns_400" time="0.633" /><testcase classname="backend.tests.test_iteration9_seo.TestSeoSaveAndDashboardErrorPath" name="test_save_fake_sa_succeeds_with_smoke_error" time="1.229" /><testcase classname="backend.tests.test_iteration9_seo.TestSeoSaveAndDashboardErrorPath" name="test_dashboard_after_fake_creds_returns_useful_error" time="0.283" /><testcase classname="backend.tests.test_iteration9_seo.TestSeoSaveAndDashboardErrorPath" name="test_delete_clears_credentials" time="1.068" /></testsuite></testsuites>