<?xml version="1.0" encoding="utf-8"?><testsuites name="pytest tests"><testsuite name="pytest" errors="0" failures="0" skipped="0" tests="13" time="7.198" timestamp="2026-06-08T04:01:15.848427+00:00" hostname="agent-env-13a639f4-9e83-4b9d-a052-03caef80b8f1"><testcase classname="backend.tests.test_iteration7" name="test_get_video_by_uuid_and_slug_match" time="0.683" /><testcase classname="backend.tests.test_iteration7" name="test_view_counter_increments_via_slug" time="0.961" /><testcase classname="backend.tests.test_iteration7" name="test_like_via_slug_works" time="0.946" /><testcase classname="backend.tests.test_iteration7" name="test_new_comment_via_slug_uses_uuid" time="0.180" /><testcase classname="backend.tests.test_iteration7" name="test_list_comments_slug_vs_uuid_equal" time="0.436" /><testcase classname="backend.tests.test_iteration7" name="test_recommendations_via_slug" time="0.209" /><testcase classname="backend.tests.test_iteration7" name="test_patch_video_via_slug" time="0.712" /><testcase classname="backend.tests.test_iteration7" name="test_slug_not_truncated_on_long_title" time="0.937" /><testcase classname="backend.tests.test_iteration7" name="test_legacy_slug_resolves" time="0.491" /><testcase classname="backend.tests.test_iteration7" name="test_leaderboard_anonymous" time="0.204" /><testcase classname="backend.tests.test_iteration7" name="test_leaderboard_authenticated_includes_me" time="0.275" /><testcase classname="backend.tests.test_iteration7" name="test_og_endpoint_uuid_and_slug" time="0.406" /><testcase classname="backend.tests.test_iteration7" name="test_watch_crawler_returns_og_title" time="0.022" /></testsuite></testsuites>