<?xml version="1.0" encoding="utf-8"?><testsuites name="pytest tests"><testsuite name="pytest" errors="0" failures="0" skipped="0" tests="15" time="20.223" timestamp="2026-06-02T15:06:54.957141+00:00" hostname="agent-env-13a639f4-9e83-4b9d-a052-03caef80b8f1"><testcase classname="backend.tests.test_iteration4.TestSiteConfig" name="test_site_config_public_fields" time="0.272" /><testcase classname="backend.tests.test_iteration4.TestAdminSettingsPatch" name="test_patch_new_fields" time="1.450" /><testcase classname="backend.tests.test_iteration4.TestVideosKindFilter" name="test_videos_kind_short" time="0.176" /><testcase classname="backend.tests.test_iteration4.TestVideosKindFilter" name="test_videos_kind_video" time="0.190" /><testcase classname="backend.tests.test_iteration4.TestChat" name="test_get_messages_ordering" time="0.181" /><testcase classname="backend.tests.test_iteration4.TestChat" name="test_guest_send_and_rate_limit" time="0.352" /><testcase classname="backend.tests.test_iteration4.TestChat" name="test_max_length_rejected" time="0.173" /><testcase classname="backend.tests.test_iteration4.TestChat" name="test_empty_content_rejected" time="0.237" /><testcase classname="backend.tests.test_iteration4.TestChat" name="test_user_send_authenticated" time="5.131" /><testcase classname="backend.tests.test_iteration4.TestAdminChatModeration" name="test_ban_user_blocks_send_then_unban" time="8.933" /><testcase classname="backend.tests.test_iteration4.TestAdminChatModeration" name="test_ban_guest_blocks_send" time="0.629" /><testcase classname="backend.tests.test_iteration4.TestAdminChatModeration" name="test_bans_listing_structure" time="0.234" /><testcase classname="backend.tests.test_iteration4.TestAdminChatModeration" name="test_delete_message" time="0.688" /><testcase classname="backend.tests.test_iteration4.TestChatWebSocket" name="test_ws_receives_broadcast" time="1.029" /><testcase classname="backend.tests.test_iteration4.TestUploadIsShort" name="test_videos_filter_by_is_short_existing" time="0.190" /></testsuite></testsuites>