<?xml version="1.0" encoding="utf-8"?><testsuites name="pytest tests"><testsuite name="pytest" errors="0" failures="0" skipped="0" tests="10" time="12.736" timestamp="2026-06-02T15:54:43.900971+00:00" hostname="agent-env-13a639f4-9e83-4b9d-a052-03caef80b8f1"><testcase classname="backend.tests.test_iteration5.TestGithubAdmin" name="test_remote_cleanup_baseline" time="3.221" /><testcase classname="backend.tests.test_iteration5.TestGithubAdmin" name="test_check_reports_missing_remote" time="1.171" /><testcase classname="backend.tests.test_iteration5.TestGithubAdmin" name="test_update_with_unreachable_remote_returns_400" time="0.620" /><testcase classname="backend.tests.test_iteration5.TestGithubAdmin" name="test_set_remote_rejects_bad_url" time="0.349" /><testcase classname="backend.tests.test_iteration5.TestGithubAdmin" name="test_set_remote_valid" time="1.388" /><testcase classname="backend.tests.test_iteration5.TestGithubAdmin" name="test_cleanup_remote_via_overwrite_then_check_no_remote_msg" time="0.848" /><testcase classname="backend.tests.test_iteration5.TestVideoStatusWS" name="test_initial_snapshot" time="0.932" /><testcase classname="backend.tests.test_iteration5.TestSubtitleReorder" name="test_unknown_id_returns_400" time="0.319" /><testcase classname="backend.tests.test_iteration5.TestSubtitleReorder" name="test_empty_array_with_existing_subs_returns_400_if_any" time="0.715" /><testcase classname="backend.tests.test_iteration5.TestChatRegression" name="test_guest_send_and_ws_broadcast" time="1.366" /></testsuite></testsuites>