<?xml version="1.0" encoding="utf-8"?><testsuites name="pytest tests"><testsuite name="pytest" errors="0" failures="0" skipped="0" tests="25" time="15.029" timestamp="2026-05-31T15:09:55.060846+00:00" hostname="agent-env-13a639f4-9e83-4b9d-a052-03caef80b8f1"><testcase classname="backend.tests.backend_test.TestAuth" name="test_admin_login" time="0.690" /><testcase classname="backend.tests.backend_test.TestAuth" name="test_register_and_me" time="0.448" /><testcase classname="backend.tests.backend_test.TestAuth" name="test_login_invalid" time="0.053" /><testcase classname="backend.tests.backend_test.TestAuth" name="test_duplicate_register" time="0.055" /><testcase classname="backend.tests.backend_test.TestCategories" name="test_list_seeded" time="0.056" /><testcase classname="backend.tests.backend_test.TestCategories" name="test_create_and_delete" time="0.107" /><testcase classname="backend.tests.backend_test.TestCategories" name="test_create_requires_admin" time="0.051" /><testcase classname="backend.tests.backend_test.TestVideos" name="test_sections" time="0.171" /><testcase classname="backend.tests.backend_test.TestVideos" name="test_upload_transcode_full_flow" time="7.658" /><testcase classname="backend.tests.backend_test.TestVideos" name="test_view_like" time="0.110" /><testcase classname="backend.tests.backend_test.TestVideos" name="test_recommendations" time="0.057" /><testcase classname="backend.tests.backend_test.TestVideos" name="test_comment_flow" time="0.192" /><testcase classname="backend.tests.backend_test.TestVideos" name="test_update_video" time="0.075" /><testcase classname="backend.tests.backend_test.TestVideos" name="test_user_videos" time="0.146" /><testcase classname="backend.tests.backend_test.TestVideos" name="test_delete_video_owner" time="0.059" /><testcase classname="backend.tests.backend_test.TestPackages" name="test_packages_crud" time="0.193" /><testcase classname="backend.tests.backend_test.TestAnnouncements" name="test_announcement_crud" time="0.196" /><testcase classname="backend.tests.backend_test.TestAdmin" name="test_stats" time="0.069" /><testcase classname="backend.tests.backend_test.TestAdmin" name="test_users_list" time="0.054" /><testcase classname="backend.tests.backend_test.TestAdmin" name="test_ban_unban" time="0.956" /><testcase classname="backend.tests.backend_test.TestAdmin" name="test_role" time="0.061" /><testcase classname="backend.tests.backend_test.TestAdmin" name="test_settings_update" time="0.128" /><testcase classname="backend.tests.backend_test.TestProfile" name="test_avatar_cover" time="0.130" /><testcase classname="backend.tests.backend_test.TestPayments" name="test_checkout" time="1.696" /><testcase classname="backend.tests.backend_test.TestEmailVerification" name="test_verification_flow" time="1.115" /></testsuite></testsuites>