<?xml version="1.0" encoding="utf-8"?><testsuites name="pytest tests"><testsuite name="pytest" errors="0" failures="0" skipped="0" tests="20" time="11.769" timestamp="2026-06-01T16:36:01.544236+00:00" hostname="agent-env-13a639f4-9e83-4b9d-a052-03caef80b8f1"><testcase classname="backend.tests.test_new_features.TestAdminLogin" name="test_admin_primary" time="0.647" /><testcase classname="backend.tests.test_new_features.TestAdminLogin" name="test_admin_owner" time="0.348" /><testcase classname="backend.tests.test_new_features.TestSettingsRoundTrip" name="test_set_and_get_new_fields" time="0.136" /><testcase classname="backend.tests.test_new_features.TestContact" name="test_config_enabled_when_set" time="0.123" /><testcase classname="backend.tests.test_new_features.TestContact" name="test_config_disabled_when_blank" time="0.126" /><testcase classname="backend.tests.test_new_features.TestContact" name="test_post_contact_503_when_unconfigured" time="0.132" /><testcase classname="backend.tests.test_new_features.TestContact" name="test_post_contact_missing_fields" time="0.262" /><testcase classname="backend.tests.test_new_features.TestContact" name="test_post_contact_success_and_admin_list_delete" time="0.314" /><testcase classname="backend.tests.test_new_features.TestContact" name="test_admin_messages_requires_admin" time="0.415" /><testcase classname="backend.tests.test_new_features.TestSubtitles" name="test_upload_srt_converts_to_vtt" time="5.097" /><testcase classname="backend.tests.test_new_features.TestSubtitles" name="test_subtitle_owner_check" time="0.418" /><testcase classname="backend.tests.test_new_features.TestSubtitles" name="test_subtitle_format_validation" time="0.063" /><testcase classname="backend.tests.test_new_features.TestSubtitles" name="test_subtitle_limit_10" time="1.833" /><testcase classname="backend.tests.test_new_features.TestSubtitles" name="test_delete_subtitle" time="0.188" /><testcase classname="backend.tests.test_new_features.TestProSignedSubtitles" name="test_pro_video_subtitle_signed" time="0.257" /><testcase classname="backend.tests.test_new_features.TestSmoke" name="test_categories_listing" time="0.077" /><testcase classname="backend.tests.test_new_features.TestSmoke" name="test_packages_listing" time="0.072" /><testcase classname="backend.tests.test_new_features.TestSmoke" name="test_announcements_active" time="0.062" /><testcase classname="backend.tests.test_new_features.TestSmoke" name="test_admin_stats" time="0.072" /><testcase classname="backend.tests.test_new_features.TestSmoke" name="test_video_listing" time="0.861" /></testsuite></testsuites>